Unity Editor version:    2021.3.21f1 (1b156197d683)
Branch:                  2021.3/staging
Build type:              Release
Batch mode:              YES
macOS version:           Version 13.1 (Build 22C65)
Darwin version:          22.2.0
Architecture:            x86_64
Running under Rosetta:   NO
Available memory:        16384 MB
Using pre-set license
Pro License: YES

COMMAND LINE ARGUMENTS:
/Applications/Unity/Hub/Editor/2021.3.21f1/Unity.app/Contents/MacOS/Unity
-adb2
-batchMode
-noUpm
-name
AssetImportWorker2
-projectPath
/Users/milesb/Documents/GitHub/Dungeun-crawler/FPS3dGame
-logFile
Logs/AssetImportWorker2.log
-srvPort
62774
Successfully changed project path to: /Users/milesb/Documents/GitHub/Dungeun-crawler/FPS3dGame
/Users/milesb/Documents/GitHub/Dungeun-crawler/FPS3dGame
[UnityMemory] Configuration Parameters - Can be set up in boot.config
    "memorysetup-bucket-allocator-granularity=16"
    "memorysetup-bucket-allocator-bucket-count=8"
    "memorysetup-bucket-allocator-block-size=33554432"
    "memorysetup-bucket-allocator-block-count=8"
    "memorysetup-main-allocator-block-size=16777216"
    "memorysetup-thread-allocator-block-size=16777216"
    "memorysetup-gfx-main-allocator-block-size=16777216"
    "memorysetup-gfx-thread-allocator-block-size=16777216"
    "memorysetup-cache-allocator-block-size=4194304"
    "memorysetup-typetree-allocator-block-size=2097152"
    "memorysetup-profiler-bucket-allocator-granularity=16"
    "memorysetup-profiler-bucket-allocator-bucket-count=8"
    "memorysetup-profiler-bucket-allocator-block-size=33554432"
    "memorysetup-profiler-bucket-allocator-block-count=8"
    "memorysetup-profiler-allocator-block-size=16777216"
    "memorysetup-profiler-editor-allocator-block-size=1048576"
    "memorysetup-temp-allocator-size-main=16777216"
    "memorysetup-job-temp-allocator-block-size=2097152"
    "memorysetup-job-temp-allocator-block-size-background=1048576"
    "memorysetup-job-temp-allocator-reduction-small-platforms=262144"
    "memorysetup-temp-allocator-size-background-worker=32768"
    "memorysetup-temp-allocator-size-job-worker=262144"
    "memorysetup-temp-allocator-size-preload-manager=33554432"
    "memorysetup-temp-allocator-size-nav-mesh-worker=65536"
    "memorysetup-temp-allocator-size-audio-worker=65536"
    "memorysetup-temp-allocator-size-cloud-worker=32768"
    "memorysetup-temp-allocator-size-gi-baking-worker=262144"
    "memorysetup-temp-allocator-size-gfx=262144"
Player connection [140704634689728] Host "[IP] 192.168.1.86 [Port] 0 [Flags] 2 [Guid] 3988827585 [EditorId] 3988827585 [Version] 1048832 [Id] OSXEditor(0,Elizabeths-MacBook-Air-2.local) [Debug] 1 [PackageName] OSXEditor [ProjectName] Editor" joined multi-casting on [225.0.0.222:54997]...

Player connection [140704634689728] Host "[IP] 192.168.1.86 [Port] 0 [Flags] 2 [Guid] 3988827585 [EditorId] 3988827585 [Version] 1048832 [Id] OSXEditor(0,Elizabeths-MacBook-Air-2.local) [Debug] 1 [PackageName] OSXEditor [ProjectName] Editor" joined alternative multi-casting on [225.0.0.222:34997]...

Refreshing native plugins compatible for Editor in 134.43 ms, found 2 plugins.
Preloading 0 native plugins for Editor in 0.00 ms.
Initialize engine version: 2021.3.21f1 (1b156197d683)
[Subsystems] Discovering subsystems at path /Applications/Unity/Hub/Editor/2021.3.21f1/Unity.app/Contents/Resources/UnitySubsystems
[Subsystems] Discovering subsystems at path /Users/milesb/Documents/GitHub/Dungeun-crawler/FPS3dGame/Assets
GfxDevice: creating device client; threaded=0; jobified=0
Color LCD preferred device: Intel(R) Iris(TM) Plus Graphics (low power)
Metal devices available: 1
0: Intel(R) Iris(TM) Plus Graphics (low power)
Using device Intel(R) Iris(TM) Plus Graphics (low power)
Initializing Metal device caps: Intel(R) Iris(TM) Plus Graphics
Initialize mono
Mono path[0] = '/Applications/Unity/Hub/Editor/2021.3.21f1/Unity.app/Contents/Managed'
Mono path[1] = '/Applications/Unity/Hub/Editor/2021.3.21f1/Unity.app/Contents/MonoBleedingEdge/lib/mono/unityjit-macos'
Mono config path = '/Applications/Unity/Hub/Editor/2021.3.21f1/Unity.app/Contents/MonoBleedingEdge/etc'
Using monoOptions --debugger-agent=transport=dt_socket,embedding=1,server=y,suspend=n,address=127.0.0.1:56298
Begin MonoManager ReloadAssembly
Registering precompiled unity dll's ...
Register platform support module: /Applications/Unity/Hub/Editor/2021.3.21f1/Unity.app/Contents/PlaybackEngines/MacStandaloneSupport/UnityEditor.OSXStandalone.Extensions.dll
Registered in 0.001886 seconds.
Native extension for OSXStandalone target not found
Refreshing native plugins compatible for Editor in 117.31 ms, found 2 plugins.
Preloading 0 native plugins for Editor in 0.00 ms.
Mono: successfully reloaded assembly
- Completed reload, in  2.173 seconds
Domain Reload Profiling:
	ReloadAssembly (2175ms)
		BeginReloadAssembly (265ms)
			ExecutionOrderSort (0ms)
			DisableScriptedObjects (0ms)
			BackupInstance (0ms)
			ReleaseScriptingObjects (0ms)
			CreateAndSetChildDomain (2ms)
		EndReloadAssembly (1562ms)
			LoadAssemblies (263ms)
			RebuildTransferFunctionScriptingTraits (0ms)
			SetupTypeCache (452ms)
			ReleaseScriptCaches (0ms)
			RebuildScriptCaches (137ms)
			SetupLoadedEditorAssemblies (798ms)
				LogAssemblyErrors (0ms)
				InitializePlatformSupportModulesInManaged (24ms)
				SetLoadedEditorAssemblies (1ms)
				RefreshPlugins (117ms)
				BeforeProcessingInitializeOnLoad (4ms)
				ProcessInitializeOnLoadAttributes (497ms)
				ProcessInitializeOnLoadMethodAttributes (154ms)
				AfterProcessingInitializeOnLoad (0ms)
				EditorAssembliesLoaded (0ms)
			ExecutionOrderSort2 (0ms)
			AwakeInstancesAfterBackupRestoration (0ms)
Platform modules already initialized, skipping
Registering precompiled user dll's ...
Registered in 0.003722 seconds.
Begin MonoManager ReloadAssembly
Native extension for OSXStandalone target not found
Refreshing native plugins compatible for Editor in 117.90 ms, found 2 plugins.
Preloading 0 native plugins for Editor in 0.00 ms.
Mono: successfully reloaded assembly
- Completed reload, in  3.326 seconds
Domain Reload Profiling:
	ReloadAssembly (3329ms)
		BeginReloadAssembly (358ms)
			ExecutionOrderSort (0ms)
			DisableScriptedObjects (23ms)
			BackupInstance (0ms)
			ReleaseScriptingObjects (0ms)
			CreateAndSetChildDomain (70ms)
		EndReloadAssembly (2611ms)
			LoadAssemblies (213ms)
			RebuildTransferFunctionScriptingTraits (0ms)
			SetupTypeCache (683ms)
			ReleaseScriptCaches (1ms)
			RebuildScriptCaches (179ms)
			SetupLoadedEditorAssemblies (1321ms)
				LogAssemblyErrors (0ms)
				InitializePlatformSupportModulesInManaged (13ms)
				SetLoadedEditorAssemblies (1ms)
				RefreshPlugins (118ms)
				BeforeProcessingInitializeOnLoad (157ms)
				ProcessInitializeOnLoadAttributes (949ms)
				ProcessInitializeOnLoadMethodAttributes (77ms)
				AfterProcessingInitializeOnLoad (5ms)
				EditorAssembliesLoaded (1ms)
			ExecutionOrderSort2 (0ms)
			AwakeInstancesAfterBackupRestoration (15ms)
Platform modules already initialized, skipping
========================================================================
Worker process is ready to serve import requests
Launching external process: /Applications/Unity/Hub/Editor/2021.3.21f1/Unity.app/Contents/Tools/UnityShaderCompiler
Launched and connected shader compiler UnityShaderCompiler after 0.38 seconds
Refreshing native plugins compatible for Editor in 0.94 ms, found 2 plugins.
Preloading 0 native plugins for Editor in 0.00 ms.
Unloading 2108 Unused Serialized files (Serialized files now loaded: 0)
Unloading 21 unused Assets / (20.4 KB). Loaded Objects now: 2599.
Memory consumption went from 104.8 MB to 104.7 MB.
Total: 8.310327 ms (FindLiveObjects: 0.433214 ms CreateObjectMapping: 0.168692 ms MarkObjects: 7.643591 ms  DeleteObjects: 0.062399 ms)

AssetImportParameters requested are different than current active one (requested -> active):
  custom:video-decoder-ogg-theora: a1e56fd34408186e4bbccfd4996cb3dc -> 
  custom:container-muxer-webm: aa71ff27fc2769a1b78a27578f13a17b -> 
  custom:container-demuxer-webm: 4f35f7cbe854078d1ac9338744f61a02 -> 
  custom:video-encoder-webm-vp8: eb34c28f22e8b96e1ab97ce403110664 -> 
  custom:framework-osx-AVFoundation: e770b220cccbd017edd2c1fefb359320 -> 
  custom:audio-encoder-webm-vorbis: bf7c407c2cedff20999df2af8eb42d56 -> 
  custom:container-demuxer-ogg: 62fdf1f143b41e24485cea50d1cbac27 -> 
  custom:video-decoder-webm-vp8: 9c59270c3fd7afecdb556c50c9e8de78 -> 
  custom:audio-decoder-ogg-vorbis: bf7c407c2cedff20999df2af8eb42d56 -> 
========================================================================
Received Import Request.
  Time since last request: 631358.127835 seconds.
  path: Assets/External/Music/Action Music/Free Action Track 1.wav
  artifactKey: Guid(c29ef1c6a79b36c4e8c65086251a2ce7) Importer(815301076,1909f56bfc062723c751e8b465ee728b)
Start importing Assets/External/Music/Action Music/Free Action Track 1.wav using Guid(c29ef1c6a79b36c4e8c65086251a2ce7) Importer(815301076,1909f56bfc062723c751e8b465ee728b)  -> (artifact id: '7df62d7fd9226c9e82ba09c0b3857ccf') in 0.849904 seconds 
========================================================================
Received Import Request.
  Time since last request: 1.939383 seconds.
  path: Assets/External/Music/Adventure Music/Free Adventure Track 1.wav
  artifactKey: Guid(2132473e9b4e75d4cb8540c56cd43e72) Importer(815301076,1909f56bfc062723c751e8b465ee728b)
Start importing Assets/External/Music/Adventure Music/Free Adventure Track 1.wav using Guid(2132473e9b4e75d4cb8540c56cd43e72) Importer(815301076,1909f56bfc062723c751e8b465ee728b)  -> (artifact id: '945032263979ae0f9e58868d70933957') in 0.046572 seconds 
========================================================================
Received Import Request.
  Time since last request: 0.000137 seconds.
  path: Assets/External/Music/Adventure Music/Free Adventure Track 5 (Loop).wav
  artifactKey: Guid(3f68c8e04deed0a40b0803bf526cc440) Importer(815301076,1909f56bfc062723c751e8b465ee728b)
Start importing Assets/External/Music/Adventure Music/Free Adventure Track 5 (Loop).wav using Guid(3f68c8e04deed0a40b0803bf526cc440) Importer(815301076,1909f56bfc062723c751e8b465ee728b)  -> (artifact id: 'c0635f34032670f3783a24693f6690da') in 0.052518 seconds 
========================================================================
Received Import Request.
  Time since last request: 3.461503 seconds.
  path: Assets/External/Music/Sci-Fi Music/Free Sci-Fi Track 1.wav
  artifactKey: Guid(4a5e1f0b31c6f3e4398258406076a53f) Importer(815301076,1909f56bfc062723c751e8b465ee728b)
Start importing Assets/External/Music/Sci-Fi Music/Free Sci-Fi Track 1.wav using Guid(4a5e1f0b31c6f3e4398258406076a53f) Importer(815301076,1909f56bfc062723c751e8b465ee728b)  -> (artifact id: '76a5cc9068f665703cb2a9c4bfb5a485') in 0.035390 seconds 
========================================================================
Received Import Request.
  Time since last request: 0.000232 seconds.
  path: Assets/External/Music/Sci-Fi Music/Free Sci-Fi Track 4 (Loop).wav
  artifactKey: Guid(8e2f7f29bf9a55f44b442f81bcf79095) Importer(815301076,1909f56bfc062723c751e8b465ee728b)
Start importing Assets/External/Music/Sci-Fi Music/Free Sci-Fi Track 4 (Loop).wav using Guid(8e2f7f29bf9a55f44b442f81bcf79095) Importer(815301076,1909f56bfc062723c751e8b465ee728b)  -> (artifact id: '6ac319012b1922e39a813e4fe1ed644f') in 0.031011 seconds 
========================================================================
Received Import Request.
  Time since last request: 14.206010 seconds.
  path: Assets/External/Low Poly Weapons VOL/Textures_Guns.png
  artifactKey: Guid(6a376fb3e11ce334ca96f417cead6576) Importer(815301076,1909f56bfc062723c751e8b465ee728b)
Start importing Assets/External/Low Poly Weapons VOL/Textures_Guns.png using Guid(6a376fb3e11ce334ca96f417cead6576) Importer(815301076,1909f56bfc062723c751e8b465ee728b)  -> (artifact id: '2046a72f9c74607202bc1fa910cba6f2') in 4.435635 seconds 
========================================================================
Received Import Request.
  Time since last request: 0.000155 seconds.
  path: Assets/External/Low Poly Weapons VOL/Models/M107.fbx
  artifactKey: Guid(a0e70037533056249a1bcaf8b480c5cb) Importer(815301076,1909f56bfc062723c751e8b465ee728b)
Start importing Assets/External/Low Poly Weapons VOL/Models/M107.fbx using Guid(a0e70037533056249a1bcaf8b480c5cb) Importer(815301076,1909f56bfc062723c751e8b465ee728b)  -> (artifact id: 'c4645e774d3f06cf59a780a0696b28ef') in 1.772970 seconds 
========================================================================
Received Import Request.
  Time since last request: 143.100849 seconds.
  path: Assets/External/Low Poly Weapons VOL/Prefabs
  artifactKey: Guid(4b1dba3d474fa064b9375a0fabfa491f) Importer(815301076,1909f56bfc062723c751e8b465ee728b)
Start importing Assets/External/Low Poly Weapons VOL/Prefabs using Guid(4b1dba3d474fa064b9375a0fabfa491f) Importer(815301076,1909f56bfc062723c751e8b465ee728b)  -> (artifact id: '21a9265e4055484ffe6cc644c027bb38') in 0.002698 seconds 
========================================================================
Received Import Request.
  Time since last request: 0.106827 seconds.
  path: Assets/External/Low Poly Weapons VOL/Prefabs/AK74.prefab
  artifactKey: Guid(ee329c3cd08e58645834d20702d7f6c6) Importer(815301076,1909f56bfc062723c751e8b465ee728b)
Start importing Assets/External/Low Poly Weapons VOL/Prefabs/AK74.prefab using Guid(ee329c3cd08e58645834d20702d7f6c6) Importer(815301076,1909f56bfc062723c751e8b465ee728b)  -> (artifact id: 'd5c2f9fbbbacc2fe98c46db88ef0d9e0') in 0.369052 seconds 
========================================================================
Received Import Request.
  Time since last request: 0.005682 seconds.
  path: Assets/External/Low Poly Weapons VOL/Prefabs/Uzi.prefab
  artifactKey: Guid(6273e2936e9d6a24e9f64c7c70d6bd19) Importer(815301076,1909f56bfc062723c751e8b465ee728b)
Start importing Assets/External/Low Poly Weapons VOL/Prefabs/Uzi.prefab using Guid(6273e2936e9d6a24e9f64c7c70d6bd19) Importer(815301076,1909f56bfc062723c751e8b465ee728b)  -> (artifact id: 'e89198707b8521bc7d80f52546b20d99') in 0.040377 seconds 
========================================================================
Received Import Request.
  Time since last request: 0.000203 seconds.
  path: Assets/External/Low Poly Weapons VOL/Prefabs/M2_50cal.prefab
  artifactKey: Guid(3077a2b322d12b94c975bb1c7b2993fb) Importer(815301076,1909f56bfc062723c751e8b465ee728b)
Start importing Assets/External/Low Poly Weapons VOL/Prefabs/M2_50cal.prefab using Guid(3077a2b322d12b94c975bb1c7b2993fb) Importer(815301076,1909f56bfc062723c751e8b465ee728b)  -> (artifact id: '4f464413e69a6a72b3131fd5c5598f3c') in 0.008474 seconds 
========================================================================
Received Import Request.
  Time since last request: 0.000159 seconds.
  path: Assets/External/Low Poly Weapons VOL/Prefabs/TAN_LR_Scope_01.prefab
  artifactKey: Guid(49535f27af2648646a94c1f9918737d6) Importer(815301076,1909f56bfc062723c751e8b465ee728b)
Start importing Assets/External/Low Poly Weapons VOL/Prefabs/TAN_LR_Scope_01.prefab using Guid(49535f27af2648646a94c1f9918737d6) Importer(815301076,1909f56bfc062723c751e8b465ee728b)  -> (artifact id: '9a5d4ca295afe0be9829a36bd8a87a01') in 0.008887 seconds 
========================================================================
Received Import Request.
  Time since last request: 0.000140 seconds.
  path: Assets/External/Low Poly Weapons VOL/Prefabs/SR_Scope_00.prefab
  artifactKey: Guid(cb825447b7c1ef442a049949c3f95ba7) Importer(815301076,1909f56bfc062723c751e8b465ee728b)
Start importing Assets/External/Low Poly Weapons VOL/Prefabs/SR_Scope_00.prefab using Guid(cb825447b7c1ef442a049949c3f95ba7) Importer(815301076,1909f56bfc062723c751e8b465ee728b)  -> (artifact id: '66c46b72c1d418866bdaa1898b2bafb1') in 0.007243 seconds 
========================================================================
Received Import Request.
  Time since last request: 0.000155 seconds.
  path: Assets/External/Low Poly Weapons VOL/Prefabs/Smoke.prefab
  artifactKey: Guid(8b4cba336c093ff41ae9321f9f8433d6) Importer(815301076,1909f56bfc062723c751e8b465ee728b)
Start importing Assets/External/Low Poly Weapons VOL/Prefabs/Smoke.prefab using Guid(8b4cba336c093ff41ae9321f9f8433d6) Importer(815301076,1909f56bfc062723c751e8b465ee728b)  -> (artifact id: 'e789256c03e63e570a711f59a3516f63') in 0.006140 seconds 
========================================================================
Received Import Request.
  Time since last request: 0.000165 seconds.
  path: Assets/External/Low Poly Weapons VOL/Prefabs/Flash.prefab
  artifactKey: Guid(c0f110e4459b675489b7db1e686d5bc3) Importer(815301076,1909f56bfc062723c751e8b465ee728b)
Start importing Assets/External/Low Poly Weapons VOL/Prefabs/Flash.prefab using Guid(c0f110e4459b675489b7db1e686d5bc3) Importer(815301076,1909f56bfc062723c751e8b465ee728b)  -> (artifact id: '919c433fe1f5dfd6aeed309dde4d3db3') in 0.004735 seconds 
========================================================================
Received Import Request.
  Time since last request: 0.000146 seconds.
  path: Assets/External/Low Poly Weapons VOL/Prefabs/M107.prefab
  artifactKey: Guid(7359baf27e84aa44cafac3788c8be0f1) Importer(815301076,1909f56bfc062723c751e8b465ee728b)
Start importing Assets/External/Low Poly Weapons VOL/Prefabs/M107.prefab using Guid(7359baf27e84aa44cafac3788c8be0f1) Importer(815301076,1909f56bfc062723c751e8b465ee728b)  -> (artifact id: '45add01c2eff58d3f9a9de9230b30e62') in 0.006360 seconds 
========================================================================
Received Import Request.
  Time since last request: 0.000112 seconds.
  path: Assets/External/Low Poly Weapons VOL/Prefabs/RGD-5.prefab
  artifactKey: Guid(5a2bf64643e1fb0439ea39c0fc9b00ff) Importer(815301076,1909f56bfc062723c751e8b465ee728b)
Start importing Assets/External/Low Poly Weapons VOL/Prefabs/RGD-5.prefab using Guid(5a2bf64643e1fb0439ea39c0fc9b00ff) Importer(815301076,1909f56bfc062723c751e8b465ee728b)  -> (artifact id: 'da0488874c9fbd0d4afac289a5cc156b') in 0.006034 seconds 
========================================================================
Received Import Request.
  Time since last request: 0.000202 seconds.
  path: Assets/External/Low Poly Weapons VOL/Prefabs/Bennelli_M4.prefab
  artifactKey: Guid(8b0b86b42def11849a8eba21f4a6a684) Importer(815301076,1909f56bfc062723c751e8b465ee728b)
Start importing Assets/External/Low Poly Weapons VOL/Prefabs/Bennelli_M4.prefab using Guid(8b0b86b42def11849a8eba21f4a6a684) Importer(815301076,1909f56bfc062723c751e8b465ee728b)  -> (artifact id: '0f5dcd37e264ccafa320eb40f7e1c50b') in 0.008058 seconds 
========================================================================
Received Import Request.
  Time since last request: 0.000177 seconds.
  path: Assets/External/Low Poly Weapons VOL/Prefabs/M1911.prefab
  artifactKey: Guid(6f1a7354265853f44b0ed5e2e43676ad) Importer(815301076,1909f56bfc062723c751e8b465ee728b)
Start importing Assets/External/Low Poly Weapons VOL/Prefabs/M1911.prefab using Guid(6f1a7354265853f44b0ed5e2e43676ad) Importer(815301076,1909f56bfc062723c751e8b465ee728b)  -> (artifact id: '5c6e7c550885dd43808e056b63a35271') in 0.053016 seconds 
========================================================================
Received Import Request.
  Time since last request: 0.000269 seconds.
  path: Assets/External/Low Poly Weapons VOL/Prefabs/M4_8.prefab
  artifactKey: Guid(689946d975a0e55449b1e7ae41933e73) Importer(815301076,1909f56bfc062723c751e8b465ee728b)
Start importing Assets/External/Low Poly Weapons VOL/Prefabs/M4_8.prefab using Guid(689946d975a0e55449b1e7ae41933e73) Importer(815301076,1909f56bfc062723c751e8b465ee728b)  -> (artifact id: 'a639dfd60ec8de42ca227e2d7c9a0cab') in 0.008007 seconds 
========================================================================
Received Import Request.
  Time since last request: 0.000159 seconds.
  path: Assets/External/Low Poly Weapons VOL/Prefabs/M249.prefab
  artifactKey: Guid(432643b6e5110004083fdff3e33e490b) Importer(815301076,1909f56bfc062723c751e8b465ee728b)
Start importing Assets/External/Low Poly Weapons VOL/Prefabs/M249.prefab using Guid(432643b6e5110004083fdff3e33e490b) Importer(815301076,1909f56bfc062723c751e8b465ee728b)  -> (artifact id: 'f4ed25ac58b702bdf177a08e907e1dac') in 0.008695 seconds 
========================================================================
Received Import Request.
  Time since last request: 0.002132 seconds.
  path: Assets/External/Low Poly Weapons VOL/Prefabs/RPG7.prefab
  artifactKey: Guid(02baef62b1bfedf40bb369fb7542b9e7) Importer(815301076,1909f56bfc062723c751e8b465ee728b)
Start importing Assets/External/Low Poly Weapons VOL/Prefabs/RPG7.prefab using Guid(02baef62b1bfedf40bb369fb7542b9e7) Importer(815301076,1909f56bfc062723c751e8b465ee728b)  -> (artifact id: '4d57df3efb6fb446f3e1fd26a24e175d') in 0.009780 seconds 
========================================================================
Received Import Request.
  Time since last request: 0.001011 seconds.
  path: Assets/External/Low Poly Weapons VOL/Prefabs/ELCAN.prefab
  artifactKey: Guid(75aeffeed5a736f46afbef3a42e93fab) Importer(815301076,1909f56bfc062723c751e8b465ee728b)
Start importing Assets/External/Low Poly Weapons VOL/Prefabs/ELCAN.prefab using Guid(75aeffeed5a736f46afbef3a42e93fab) Importer(815301076,1909f56bfc062723c751e8b465ee728b)  -> (artifact id: '7451473bdc0310561dca2b047dc18947') in 0.010946 seconds 
========================================================================
Received Prepare
Registering precompiled user dll's ...
Registered in 0.006774 seconds.
Begin MonoManager ReloadAssembly
Native extension for OSXStandalone target not found
Refreshing native plugins compatible for Editor in 1.35 ms, found 2 plugins.
Preloading 0 native plugins for Editor in 0.00 ms.
Mono: successfully reloaded assembly
- Completed reload, in  4.656 seconds
Domain Reload Profiling:
	ReloadAssembly (4658ms)
		BeginReloadAssembly (491ms)
			ExecutionOrderSort (0ms)
			DisableScriptedObjects (20ms)
			BackupInstance (0ms)
			ReleaseScriptingObjects (0ms)
			CreateAndSetChildDomain (147ms)
		EndReloadAssembly (3664ms)
			LoadAssemblies (292ms)
			RebuildTransferFunctionScriptingTraits (1ms)
			SetupTypeCache (1180ms)
			ReleaseScriptCaches (2ms)
			RebuildScriptCaches (207ms)
			SetupLoadedEditorAssemblies (1748ms)
				LogAssemblyErrors (0ms)
				InitializePlatformSupportModulesInManaged (19ms)
				SetLoadedEditorAssemblies (2ms)
				RefreshPlugins (1ms)
				BeforeProcessingInitializeOnLoad (181ms)
				ProcessInitializeOnLoadAttributes (1429ms)
				ProcessInitializeOnLoadMethodAttributes (109ms)
				AfterProcessingInitializeOnLoad (7ms)
				EditorAssembliesLoaded (1ms)
			ExecutionOrderSort2 (0ms)
			AwakeInstancesAfterBackupRestoration (18ms)
Platform modules already initialized, skipping
Refreshing native plugins compatible for Editor in 1.79 ms, found 2 plugins.
Preloading 0 native plugins for Editor in 0.00 ms.
Unloading 2089 Unused Serialized files (Serialized files now loaded: 0)
Unloading 13 unused Assets / (21.9 KB). Loaded Objects now: 2617.
Memory consumption went from 121.5 MB to 121.5 MB.
Total: 7.066439 ms (FindLiveObjects: 0.252202 ms CreateObjectMapping: 0.237965 ms MarkObjects: 6.527995 ms  DeleteObjects: 0.045766 ms)

AssetImportParameters requested are different than current active one (requested -> active):
  custom:video-decoder-ogg-theora: a1e56fd34408186e4bbccfd4996cb3dc -> 
  custom:container-muxer-webm: aa71ff27fc2769a1b78a27578f13a17b -> 
  custom:container-demuxer-webm: 4f35f7cbe854078d1ac9338744f61a02 -> 
  custom:video-encoder-webm-vp8: eb34c28f22e8b96e1ab97ce403110664 -> 
  custom:framework-osx-AVFoundation: e770b220cccbd017edd2c1fefb359320 -> 
  custom:audio-encoder-webm-vorbis: bf7c407c2cedff20999df2af8eb42d56 -> 
  custom:container-demuxer-ogg: 62fdf1f143b41e24485cea50d1cbac27 -> 
  custom:video-decoder-webm-vp8: 9c59270c3fd7afecdb556c50c9e8de78 -> 
  custom:audio-decoder-ogg-vorbis: bf7c407c2cedff20999df2af8eb42d56 -> 
========================================================================
Received Import Request.
  Time since last request: 49.890221 seconds.
  path: Assets/External/Main Menu
  artifactKey: Guid(ade274a178176ca408fb5579db091ec0) Importer(815301076,1909f56bfc062723c751e8b465ee728b)
Start importing Assets/External/Main Menu using Guid(ade274a178176ca408fb5579db091ec0) Importer(815301076,1909f56bfc062723c751e8b465ee728b)  -> (artifact id: '79d7ee922feb580d7754a47da21e97fe') in 0.010553 seconds 
========================================================================
Received Import Request.
  Time since last request: 0.097024 seconds.
  path: Assets/External/Main Menu/Background.jpg
  artifactKey: Guid(8c3787cce0d81cf4f9ee46d6d3663f72) Importer(815301076,1909f56bfc062723c751e8b465ee728b)
Start importing Assets/External/Main Menu/Background.jpg using Guid(8c3787cce0d81cf4f9ee46d6d3663f72) Importer(815301076,1909f56bfc062723c751e8b465ee728b)  -> (artifact id: '4d84efd4c42e357001f76045cb8de080') in 0.679739 seconds 
========================================================================
Received Import Request.
  Time since last request: 22.461696 seconds.
  path: Assets/QuitScript.cs
  artifactKey: Guid(634e9fa2f01122b499aaebc27bc1c170) Importer(815301076,1909f56bfc062723c751e8b465ee728b)
Start importing Assets/QuitScript.cs using Guid(634e9fa2f01122b499aaebc27bc1c170) Importer(815301076,1909f56bfc062723c751e8b465ee728b)  -> (artifact id: '15782b11363a6b3b0cc2704795607afb') in 0.831182 seconds 
========================================================================
Received Prepare
Registering precompiled user dll's ...
Registered in 0.004678 seconds.
Begin MonoManager ReloadAssembly
Native extension for OSXStandalone target not found
Refreshing native plugins compatible for Editor in 1.04 ms, found 2 plugins.
Preloading 0 native plugins for Editor in 0.00 ms.
Mono: successfully reloaded assembly
- Completed reload, in  2.890 seconds
Domain Reload Profiling:
	ReloadAssembly (2892ms)
		BeginReloadAssembly (374ms)
			ExecutionOrderSort (0ms)
			DisableScriptedObjects (17ms)
			BackupInstance (0ms)
			ReleaseScriptingObjects (0ms)
			CreateAndSetChildDomain (140ms)
		EndReloadAssembly (2213ms)
			LoadAssemblies (198ms)
			RebuildTransferFunctionScriptingTraits (0ms)
			SetupTypeCache (703ms)
			ReleaseScriptCaches (2ms)
			RebuildScriptCaches (148ms)
			SetupLoadedEditorAssemblies (1022ms)
				LogAssemblyErrors (0ms)
				InitializePlatformSupportModulesInManaged (15ms)
				SetLoadedEditorAssemblies (2ms)
				RefreshPlugins (1ms)
				BeforeProcessingInitializeOnLoad (118ms)
				ProcessInitializeOnLoadAttributes (813ms)
				ProcessInitializeOnLoadMethodAttributes (68ms)
				AfterProcessingInitializeOnLoad (4ms)
				EditorAssembliesLoaded (0ms)
			ExecutionOrderSort2 (0ms)
			AwakeInstancesAfterBackupRestoration (10ms)
Platform modules already initialized, skipping
Refreshing native plugins compatible for Editor in 2.32 ms, found 2 plugins.
Preloading 0 native plugins for Editor in 0.00 ms.
Unloading 2088 Unused Serialized files (Serialized files now loaded: 0)
Unloading 14 unused Assets / (22.0 KB). Loaded Objects now: 2622.
Memory consumption went from 129.7 MB to 129.7 MB.
Total: 7.095745 ms (FindLiveObjects: 0.639738 ms CreateObjectMapping: 0.288658 ms MarkObjects: 6.114382 ms  DeleteObjects: 0.050173 ms)

AssetImportParameters requested are different than current active one (requested -> active):
  custom:video-decoder-ogg-theora: a1e56fd34408186e4bbccfd4996cb3dc -> 
  custom:container-muxer-webm: aa71ff27fc2769a1b78a27578f13a17b -> 
  custom:container-demuxer-webm: 4f35f7cbe854078d1ac9338744f61a02 -> 
  custom:video-encoder-webm-vp8: eb34c28f22e8b96e1ab97ce403110664 -> 
  custom:framework-osx-AVFoundation: e770b220cccbd017edd2c1fefb359320 -> 
  custom:audio-encoder-webm-vorbis: bf7c407c2cedff20999df2af8eb42d56 -> 
  custom:container-demuxer-ogg: 62fdf1f143b41e24485cea50d1cbac27 -> 
  custom:video-decoder-webm-vp8: 9c59270c3fd7afecdb556c50c9e8de78 -> 
  custom:audio-decoder-ogg-vorbis: bf7c407c2cedff20999df2af8eb42d56 -> 
========================================================================
Received Import Request.
  Time since last request: 16.757559 seconds.
  path: Assets/Animations/Weapon Holder.controller
  artifactKey: Guid(54e6f9de8ed113b4698bc140d437338e) Importer(815301076,1909f56bfc062723c751e8b465ee728b)
Start importing Assets/Animations/Weapon Holder.controller using Guid(54e6f9de8ed113b4698bc140d437338e) Importer(815301076,1909f56bfc062723c751e8b465ee728b)  -> (artifact id: '801f35a15db44eba5cc8816e117d9766') in 0.213806 seconds 
========================================================================
Received Import Request.
  Time since last request: 0.562468 seconds.
  path: Assets/Animations/WeaponIdle.anim
  artifactKey: Guid(59a767e2a26f36c4e8e6afadc033616b) Importer(815301076,1909f56bfc062723c751e8b465ee728b)
Start importing Assets/Animations/WeaponIdle.anim using Guid(59a767e2a26f36c4e8e6afadc033616b) Importer(815301076,1909f56bfc062723c751e8b465ee728b)  -> (artifact id: '8acde69a9bc34dc21fdbf844701f748f') in 0.199359 seconds 
========================================================================
Received Import Request.
  Time since last request: 2.824119 seconds.
  path: Assets/Animations/WeaponReload.anim
  artifactKey: Guid(db76e8dd7d18a004d8148aebfbd788ae) Importer(815301076,1909f56bfc062723c751e8b465ee728b)
Start importing Assets/Animations/WeaponReload.anim using Guid(db76e8dd7d18a004d8148aebfbd788ae) Importer(815301076,1909f56bfc062723c751e8b465ee728b)  -> (artifact id: 'fe9525f62ec6c37bdc9e1488c806708a') in 0.004474 seconds 
========================================================================
Received Prepare
Registering precompiled user dll's ...
Registered in 0.003910 seconds.
Begin MonoManager ReloadAssembly
Native extension for OSXStandalone target not found
Refreshing native plugins compatible for Editor in 1.00 ms, found 2 plugins.
Preloading 0 native plugins for Editor in 0.00 ms.
Mono: successfully reloaded assembly
- Completed reload, in  2.976 seconds
Domain Reload Profiling:
	ReloadAssembly (2978ms)
		BeginReloadAssembly (374ms)
			ExecutionOrderSort (0ms)
			DisableScriptedObjects (18ms)
			BackupInstance (0ms)
			ReleaseScriptingObjects (0ms)
			CreateAndSetChildDomain (125ms)
		EndReloadAssembly (2293ms)
			LoadAssemblies (208ms)
			RebuildTransferFunctionScriptingTraits (0ms)
			SetupTypeCache (757ms)
			ReleaseScriptCaches (2ms)
			RebuildScriptCaches (145ms)
			SetupLoadedEditorAssemblies (1049ms)
				LogAssemblyErrors (0ms)
				InitializePlatformSupportModulesInManaged (13ms)
				SetLoadedEditorAssemblies (2ms)
				RefreshPlugins (1ms)
				BeforeProcessingInitializeOnLoad (125ms)
				ProcessInitializeOnLoadAttributes (836ms)
				ProcessInitializeOnLoadMethodAttributes (67ms)
				AfterProcessingInitializeOnLoad (4ms)
				EditorAssembliesLoaded (0ms)
			ExecutionOrderSort2 (0ms)
			AwakeInstancesAfterBackupRestoration (11ms)
Platform modules already initialized, skipping
Refreshing native plugins compatible for Editor in 1.73 ms, found 2 plugins.
Preloading 0 native plugins for Editor in 0.00 ms.
Unloading 2088 Unused Serialized files (Serialized files now loaded: 0)
Unloading 13 unused Assets / (22.0 KB). Loaded Objects now: 2625.
Memory consumption went from 138.0 MB to 138.0 MB.
Total: 6.023898 ms (FindLiveObjects: 0.313382 ms CreateObjectMapping: 0.224437 ms MarkObjects: 5.402368 ms  DeleteObjects: 0.061576 ms)

AssetImportParameters requested are different than current active one (requested -> active):
  custom:video-decoder-ogg-theora: a1e56fd34408186e4bbccfd4996cb3dc -> 
  custom:container-muxer-webm: aa71ff27fc2769a1b78a27578f13a17b -> 
  custom:container-demuxer-webm: 4f35f7cbe854078d1ac9338744f61a02 -> 
  custom:video-encoder-webm-vp8: eb34c28f22e8b96e1ab97ce403110664 -> 
  custom:framework-osx-AVFoundation: e770b220cccbd017edd2c1fefb359320 -> 
  custom:audio-encoder-webm-vorbis: bf7c407c2cedff20999df2af8eb42d56 -> 
  custom:container-demuxer-ogg: 62fdf1f143b41e24485cea50d1cbac27 -> 
  custom:video-decoder-webm-vp8: 9c59270c3fd7afecdb556c50c9e8de78 -> 
  custom:audio-decoder-ogg-vorbis: bf7c407c2cedff20999df2af8eb42d56 -> 
========================================================================
Received Import Request.
  Time since last request: 77.228477 seconds.
  path: Assets/Free Game Music Collection
  artifactKey: Guid(858c65a5b01b51645929562ef7c66a90) Importer(815301076,1909f56bfc062723c751e8b465ee728b)
Start importing Assets/Free Game Music Collection using Guid(858c65a5b01b51645929562ef7c66a90) Importer(815301076,1909f56bfc062723c751e8b465ee728b)  -> (artifact id: 'a7b72488c61ae9510ab86a665e335580') in 0.010599 seconds 
========================================================================
Received Import Request.
  Time since last request: 1.890851 seconds.
  path: Assets/Free Game Music Collection/Action Music
  artifactKey: Guid(1b291dad172b1f347aa5332292e159a5) Importer(815301076,1909f56bfc062723c751e8b465ee728b)
Start importing Assets/Free Game Music Collection/Action Music using Guid(1b291dad172b1f347aa5332292e159a5) Importer(815301076,1909f56bfc062723c751e8b465ee728b)  -> (artifact id: '693a4bac337f7bb526e974244efa1a5b') in 0.002503 seconds 
========================================================================
Received Import Request.
  Time since last request: 0.611441 seconds.
  path: Assets/Free Game Music Collection/Adventure Music
  artifactKey: Guid(9a49045525698c54786699b704af9bb4) Importer(815301076,1909f56bfc062723c751e8b465ee728b)
Start importing Assets/Free Game Music Collection/Adventure Music using Guid(9a49045525698c54786699b704af9bb4) Importer(815301076,1909f56bfc062723c751e8b465ee728b)  -> (artifact id: '45b6e002c6ce18ed3cf64e935548220d') in 0.002960 seconds 
========================================================================
Received Import Request.
  Time since last request: 3.387880 seconds.
  path: Assets/Free Game Music Collection/Sci-Fi Music
  artifactKey: Guid(e48856d607f329540922154c8320b3fb) Importer(815301076,1909f56bfc062723c751e8b465ee728b)
Start importing Assets/Free Game Music Collection/Sci-Fi Music using Guid(e48856d607f329540922154c8320b3fb) Importer(815301076,1909f56bfc062723c751e8b465ee728b)  -> (artifact id: 'c8f32219918ab0e7dbac0ea494b0618f') in 0.001833 seconds 
========================================================================
Received Import Request.
  Time since last request: 0.648229 seconds.
  path: Assets/Free Game Music Collection/Apocalyptic Music
  artifactKey: Guid(2a63f5aeede008148bd1b77a9537cfee) Importer(815301076,1909f56bfc062723c751e8b465ee728b)
Start importing Assets/Free Game Music Collection/Apocalyptic Music using Guid(2a63f5aeede008148bd1b77a9537cfee) Importer(815301076,1909f56bfc062723c751e8b465ee728b)  -> (artifact id: 'fb44f32ac9478d3d55696be8d76ab5cc') in 0.002813 seconds 
========================================================================
Received Import Request.
  Time since last request: 5.607346 seconds.
  path: Assets/Sci-fi Gun Sounds Pack LITE
  artifactKey: Guid(3ce47c1883c598b4997148cd703e980d) Importer(815301076,1909f56bfc062723c751e8b465ee728b)
Start importing Assets/Sci-fi Gun Sounds Pack LITE using Guid(3ce47c1883c598b4997148cd703e980d) Importer(815301076,1909f56bfc062723c751e8b465ee728b)  -> (artifact id: '9da64c279a21020ce5d2492dd93e8b5a') in 0.002968 seconds 
========================================================================
Received Import Request.
  Time since last request: 0.145044 seconds.
  path: Assets/Sci-fi Gun Sounds Pack LITE/Shot 1.mp3
  artifactKey: Guid(733a0ff7727334749a0381b7092162b3) Importer(815301076,1909f56bfc062723c751e8b465ee728b)
Start importing Assets/Sci-fi Gun Sounds Pack LITE/Shot 1.mp3 using Guid(733a0ff7727334749a0381b7092162b3) Importer(815301076,1909f56bfc062723c751e8b465ee728b)  -> (artifact id: '10cb310c6fab3a5456b1372fdae75e6e') in 3.540438 seconds 
========================================================================
Received Import Request.
  Time since last request: 0.000322 seconds.
  path: Assets/Sci-fi Gun Sounds Pack LITE/Shot 5.mp3
  artifactKey: Guid(56f5b6fa20679894d8658d743a03e1e4) Importer(815301076,1909f56bfc062723c751e8b465ee728b)
Start importing Assets/Sci-fi Gun Sounds Pack LITE/Shot 5.mp3 using Guid(56f5b6fa20679894d8658d743a03e1e4) Importer(815301076,1909f56bfc062723c751e8b465ee728b)  -> (artifact id: 'ef255e9cf497938a5c7dc9ad5512bb4c') in 0.044873 seconds 
========================================================================
Received Import Request.
  Time since last request: 0.000193 seconds.
  path: Assets/Sci-fi Gun Sounds Pack LITE/Shot 3.mp3
  artifactKey: Guid(93fba0b1bf5014543918fa775911b6a3) Importer(815301076,1909f56bfc062723c751e8b465ee728b)
Start importing Assets/Sci-fi Gun Sounds Pack LITE/Shot 3.mp3 using Guid(93fba0b1bf5014543918fa775911b6a3) Importer(815301076,1909f56bfc062723c751e8b465ee728b)  -> (artifact id: '45bb6c50e391189be4bc8ac2f3df1e69') in 0.035476 seconds 
========================================================================
Received Import Request.
  Time since last request: 4.969139 seconds.
  path: Assets/HealthBarAssets
  artifactKey: Guid(1336f632d692f4a46864db08e0669550) Importer(815301076,1909f56bfc062723c751e8b465ee728b)
Start importing Assets/HealthBarAssets using Guid(1336f632d692f4a46864db08e0669550) Importer(815301076,1909f56bfc062723c751e8b465ee728b)  -> (artifact id: '2a3711d2d89ea3d9d2b91db06b1b8df2') in 0.002903 seconds 
========================================================================
Received Import Request.
  Time since last request: 0.154318 seconds.
  path: Assets/HealthBarAssets/BACK_HealthBar.png
  artifactKey: Guid(ffb1622c529f00547bda2b1108655f7d) Importer(815301076,1909f56bfc062723c751e8b465ee728b)
Start importing Assets/HealthBarAssets/BACK_HealthBar.png using Guid(ffb1622c529f00547bda2b1108655f7d) Importer(815301076,1909f56bfc062723c751e8b465ee728b)  -> (artifact id: 'ce725e715474a27f2208fb1583f731d7') in 0.217082 seconds 
========================================================================
Received Import Request.
  Time since last request: 0.000255 seconds.
  path: Assets/HealthBarAssets/FRONT_XpBar.png
  artifactKey: Guid(6488278f50f374e4287e62628d7bf32d) Importer(815301076,1909f56bfc062723c751e8b465ee728b)
Start importing Assets/HealthBarAssets/FRONT_XpBar.png using Guid(6488278f50f374e4287e62628d7bf32d) Importer(815301076,1909f56bfc062723c751e8b465ee728b)  -> (artifact id: '0bba9162f7fe9201b62466ccee94e854') in 0.091780 seconds 
========================================================================
Received Import Request.
  Time since last request: 0.000143 seconds.
  path: Assets/HealthBarAssets/FRONT_HealthBar.png
  artifactKey: Guid(a7a8d40e2b4a0d04babd4be5eb4e31ec) Importer(815301076,1909f56bfc062723c751e8b465ee728b)
Start importing Assets/HealthBarAssets/FRONT_HealthBar.png using Guid(a7a8d40e2b4a0d04babd4be5eb4e31ec) Importer(815301076,1909f56bfc062723c751e8b465ee728b)  -> (artifact id: 'db6dbf04f6a8d5be14d08f77b47f3c2e') in 0.143529 seconds 
========================================================================
Received Import Request.
  Time since last request: 0.000181 seconds.
  path: Assets/HealthBarAssets/HeartIcon.png
  artifactKey: Guid(ca0cde5c09ee0fb4ca25286af7f9f924) Importer(815301076,1909f56bfc062723c751e8b465ee728b)
Start importing Assets/HealthBarAssets/HeartIcon.png using Guid(ca0cde5c09ee0fb4ca25286af7f9f924) Importer(815301076,1909f56bfc062723c751e8b465ee728b)  -> (artifact id: '0246e5d59883d53088de577320950b1c') in 0.099369 seconds 
========================================================================
Received Import Request.
  Time since last request: 3.495133 seconds.
  path: Assets/Input
  artifactKey: Guid(00fe2694b20289f44b22674ce4a15ad1) Importer(815301076,1909f56bfc062723c751e8b465ee728b)
Start importing Assets/Input using Guid(00fe2694b20289f44b22674ce4a15ad1) Importer(815301076,1909f56bfc062723c751e8b465ee728b)  -> (artifact id: '96049dc7107ab074a5332f22c75d3b5c') in 0.002512 seconds 
========================================================================
Received Import Request.
  Time since last request: 2.273767 seconds.
  path: Assets/Input/PlayerInput.inputactions
  artifactKey: Guid(08a43078efe2cf242b09176e77dbf44e) Importer(815301076,1909f56bfc062723c751e8b465ee728b)
Start importing Assets/Input/PlayerInput.inputactions using Guid(08a43078efe2cf242b09176e77dbf44e) Importer(815301076,1909f56bfc062723c751e8b465ee728b)  -> (artifact id: '8afe454c937bdfbd96ea5f1c56e5d92e') in 0.183125 seconds 
========================================================================
Received Import Request.
  Time since last request: 2.627594 seconds.
  path: Assets/Materials
  artifactKey: Guid(24b3eac249e2e2b44b3d2a3642698eb0) Importer(815301076,1909f56bfc062723c751e8b465ee728b)
Start importing Assets/Materials using Guid(24b3eac249e2e2b44b3d2a3642698eb0) Importer(815301076,1909f56bfc062723c751e8b465ee728b)  -> (artifact id: '9edf1d83dabc8310882f8f3ff2b91e7c') in 0.001864 seconds 
========================================================================
Received Import Request.
  Time since last request: 0.315666 seconds.
  path: Assets/Materials/Black.mat
  artifactKey: Guid(be5466d1e86149548a7e299bf548ec6c) Importer(815301076,1909f56bfc062723c751e8b465ee728b)
Start importing Assets/Materials/Black.mat using Guid(be5466d1e86149548a7e299bf548ec6c) Importer(815301076,1909f56bfc062723c751e8b465ee728b)  -> (artifact id: '8b66ea1206870e0112778d72800f252c') in 0.360870 seconds 
========================================================================
Received Import Request.
  Time since last request: 0.000217 seconds.
  path: Assets/Materials/Gold.mat
  artifactKey: Guid(357517b2479f06548baa97995b270c92) Importer(815301076,1909f56bfc062723c751e8b465ee728b)
Start importing Assets/Materials/Gold.mat using Guid(357517b2479f06548baa97995b270c92) Importer(815301076,1909f56bfc062723c751e8b465ee728b)  -> (artifact id: '232407cb95e6f70db134406b7915668e') in 0.029964 seconds 
========================================================================
Received Import Request.
  Time since last request: 0.000134 seconds.
  path: Assets/Materials/Green.mat
  artifactKey: Guid(b333e2b05b06feb47a2f0ba38571884c) Importer(815301076,1909f56bfc062723c751e8b465ee728b)
Start importing Assets/Materials/Green.mat using Guid(b333e2b05b06feb47a2f0ba38571884c) Importer(815301076,1909f56bfc062723c751e8b465ee728b)  -> (artifact id: 'f7ef268762127bbe8a2045123ef23ea8') in 0.026616 seconds 
========================================================================
Received Import Request.
  Time since last request: 0.000159 seconds.
  path: Assets/Materials/Wall and floor color.mat
  artifactKey: Guid(c767baa7c3537224c9235f59ff62bf7e) Importer(815301076,1909f56bfc062723c751e8b465ee728b)
Start importing Assets/Materials/Wall and floor color.mat using Guid(c767baa7c3537224c9235f59ff62bf7e) Importer(815301076,1909f56bfc062723c751e8b465ee728b)  -> (artifact id: '0eb65cd65220ebd430ae08fa1ac32ca5') in 0.059838 seconds 
========================================================================
Received Import Request.
  Time since last request: 0.000519 seconds.
  path: Assets/Materials/glowyBlue.mat
  artifactKey: Guid(c3ca98adc80fd6c4d984cb7d9440bcdf) Importer(815301076,1909f56bfc062723c751e8b465ee728b)
Start importing Assets/Materials/glowyBlue.mat using Guid(c3ca98adc80fd6c4d984cb7d9440bcdf) Importer(815301076,1909f56bfc062723c751e8b465ee728b)  -> (artifact id: '6ba5a43476af3b980bbddf145a4d6e31') in 0.572238 seconds 
========================================================================
Received Import Request.
  Time since last request: 4.179384 seconds.
  path: Assets/Prefabs
  artifactKey: Guid(5eafaa67854164b9abdae316d7890be6) Importer(815301076,1909f56bfc062723c751e8b465ee728b)
Start importing Assets/Prefabs using Guid(5eafaa67854164b9abdae316d7890be6) Importer(815301076,1909f56bfc062723c751e8b465ee728b)  -> (artifact id: '52b877dfa6633b50d675c10b7c6639a2') in 0.002904 seconds 
========================================================================
Received Import Request.
  Time since last request: 2.053976 seconds.
  path: Assets/Prefabs/Misc
  artifactKey: Guid(5f4db3e0dee3d40978f402014adfd646) Importer(815301076,1909f56bfc062723c751e8b465ee728b)
Start importing Assets/Prefabs/Misc using Guid(5f4db3e0dee3d40978f402014adfd646) Importer(815301076,1909f56bfc062723c751e8b465ee728b)  -> (artifact id: 'e5ff85e1af4ed0f6e7cc4bd99590fba2') in 0.002009 seconds 
========================================================================
Received Import Request.
  Time since last request: 13.159829 seconds.
  path: Assets/Scenes
  artifactKey: Guid(5a19e1baafcb41240a034ae1cd767be4) Importer(815301076,1909f56bfc062723c751e8b465ee728b)
Start importing Assets/Scenes using Guid(5a19e1baafcb41240a034ae1cd767be4) Importer(815301076,1909f56bfc062723c751e8b465ee728b)  -> (artifact id: '8f1a6e8e24b97e24f06bcf51b4fc639d') in 0.002132 seconds 
========================================================================
Received Import Request.
  Time since last request: 1.715855 seconds.
  path: Assets/Scenes/SampleScene
  artifactKey: Guid(f1d176f157329954f878cb220785a3b6) Importer(815301076,1909f56bfc062723c751e8b465ee728b)
Start importing Assets/Scenes/SampleScene using Guid(f1d176f157329954f878cb220785a3b6) Importer(815301076,1909f56bfc062723c751e8b465ee728b)  -> (artifact id: 'b90e29c0c3cb987ad60d507d40555eca') in 0.002181 seconds 
========================================================================
Received Import Request.
  Time since last request: 0.099965 seconds.
  path: Assets/Scenes/SampleScene/NavMesh.asset
  artifactKey: Guid(3dbd9e810eb65f24a8f5b538aaf9bed6) Importer(815301076,1909f56bfc062723c751e8b465ee728b)
Start importing Assets/Scenes/SampleScene/NavMesh.asset using Guid(3dbd9e810eb65f24a8f5b538aaf9bed6) Importer(815301076,1909f56bfc062723c751e8b465ee728b)  -> (artifact id: '4413efd93ad13600f64cf8d47f76beb3') in 0.217720 seconds 
========================================================================
Received Import Request.
  Time since last request: 6.736222 seconds.
  path: Assets/Scenes/Game
  artifactKey: Guid(a720177cdd4079343ad269ac8261deca) Importer(815301076,1909f56bfc062723c751e8b465ee728b)
Start importing Assets/Scenes/Game using Guid(a720177cdd4079343ad269ac8261deca) Importer(815301076,1909f56bfc062723c751e8b465ee728b)  -> (artifact id: '6569c29695badba7998694131a406acd') in 0.002194 seconds 
========================================================================
Received Import Request.
  Time since last request: 0.109114 seconds.
  path: Assets/Scenes/Game/LightingData.asset
  artifactKey: Guid(eecf8815034b0e649b94bd1f0f09d9b6) Importer(815301076,1909f56bfc062723c751e8b465ee728b)
Start importing Assets/Scenes/Game/LightingData.asset using Guid(eecf8815034b0e649b94bd1f0f09d9b6) Importer(815301076,1909f56bfc062723c751e8b465ee728b)  -> (artifact id: '6c80a1329df8a5eedae642edb3ba680e') in 0.006178 seconds 
========================================================================
Received Import Request.
  Time since last request: 32.265420 seconds.
  path: Assets/Scripts
  artifactKey: Guid(ef3a87bf3f160544f8ce7155fc8a0c69) Importer(815301076,1909f56bfc062723c751e8b465ee728b)
Start importing Assets/Scripts using Guid(ef3a87bf3f160544f8ce7155fc8a0c69) Importer(815301076,1909f56bfc062723c751e8b465ee728b)  -> (artifact id: '4eff7a01db4d53e386e9cf5f74523e9b') in 0.002852 seconds 
========================================================================
Received Import Request.
  Time since last request: 6.835555 seconds.
  path: Assets/StarterAssets
  artifactKey: Guid(f3084772dcbb341cab6cd905d145b888) Importer(815301076,1909f56bfc062723c751e8b465ee728b)
Start importing Assets/StarterAssets using Guid(f3084772dcbb341cab6cd905d145b888) Importer(815301076,1909f56bfc062723c751e8b465ee728b)  -> (artifact id: '976805d16eb404bf0d67520588e57ea4') in 0.001902 seconds 
========================================================================
Received Import Request.
  Time since last request: 1.561204 seconds.
  path: Assets/StarterAssets/TutorialInfo
  artifactKey: Guid(d84a08c8eff734875923406d378f54e8) Importer(815301076,1909f56bfc062723c751e8b465ee728b)
Start importing Assets/StarterAssets/TutorialInfo using Guid(d84a08c8eff734875923406d378f54e8) Importer(815301076,1909f56bfc062723c751e8b465ee728b)  -> (artifact id: 'e3fb1655474204002efce8a0c6154c02') in 0.002394 seconds 
========================================================================
Received Import Request.
  Time since last request: 10.359154 seconds.
  path: Assets/TextMesh Pro
  artifactKey: Guid(f54d1bd14bd3ca042bd867b519fee8cc) Importer(815301076,1909f56bfc062723c751e8b465ee728b)
Start importing Assets/TextMesh Pro using Guid(f54d1bd14bd3ca042bd867b519fee8cc) Importer(815301076,1909f56bfc062723c751e8b465ee728b)  -> (artifact id: 'c8d4b266ccb955e46145b647ff277688') in 0.002525 seconds 
========================================================================
Received Prepare
Registering precompiled user dll's ...
Registered in 0.004878 seconds.
Begin MonoManager ReloadAssembly
Native extension for OSXStandalone target not found
Refreshing native plugins compatible for Editor in 0.76 ms, found 2 plugins.
Preloading 0 native plugins for Editor in 0.00 ms.
Mono: successfully reloaded assembly
- Completed reload, in  2.798 seconds
Domain Reload Profiling:
	ReloadAssembly (2800ms)
		BeginReloadAssembly (364ms)
			ExecutionOrderSort (0ms)
			DisableScriptedObjects (14ms)
			BackupInstance (0ms)
			ReleaseScriptingObjects (0ms)
			CreateAndSetChildDomain (135ms)
		EndReloadAssembly (2141ms)
			LoadAssemblies (191ms)
			RebuildTransferFunctionScriptingTraits (0ms)
			SetupTypeCache (620ms)
			ReleaseScriptCaches (2ms)
			RebuildScriptCaches (134ms)
			SetupLoadedEditorAssemblies (1048ms)
				LogAssemblyErrors (0ms)
				InitializePlatformSupportModulesInManaged (11ms)
				SetLoadedEditorAssemblies (1ms)
				RefreshPlugins (1ms)
				BeforeProcessingInitializeOnLoad (99ms)
				ProcessInitializeOnLoadAttributes (837ms)
				ProcessInitializeOnLoadMethodAttributes (91ms)
				AfterProcessingInitializeOnLoad (6ms)
				EditorAssembliesLoaded (1ms)
			ExecutionOrderSort2 (0ms)
			AwakeInstancesAfterBackupRestoration (16ms)
Platform modules already initialized, skipping
Refreshing native plugins compatible for Editor in 2.52 ms, found 2 plugins.
Preloading 0 native plugins for Editor in 0.00 ms.
Unloading 2088 Unused Serialized files (Serialized files now loaded: 0)
Unloading 13 unused Assets / (22.1 KB). Loaded Objects now: 2672.
Memory consumption went from 154.7 MB to 154.7 MB.
Total: 8.406840 ms (FindLiveObjects: 0.371306 ms CreateObjectMapping: 0.186001 ms MarkObjects: 7.808588 ms  DeleteObjects: 0.038985 ms)

AssetImportParameters requested are different than current active one (requested -> active):
  custom:video-decoder-ogg-theora: a1e56fd34408186e4bbccfd4996cb3dc -> 
  custom:container-muxer-webm: aa71ff27fc2769a1b78a27578f13a17b -> 
  custom:container-demuxer-webm: 4f35f7cbe854078d1ac9338744f61a02 -> 
  custom:video-encoder-webm-vp8: eb34c28f22e8b96e1ab97ce403110664 -> 
  custom:framework-osx-AVFoundation: e770b220cccbd017edd2c1fefb359320 -> 
  custom:audio-encoder-webm-vorbis: bf7c407c2cedff20999df2af8eb42d56 -> 
  custom:container-demuxer-ogg: 62fdf1f143b41e24485cea50d1cbac27 -> 
  custom:video-decoder-webm-vp8: 9c59270c3fd7afecdb556c50c9e8de78 -> 
  custom:audio-decoder-ogg-vorbis: bf7c407c2cedff20999df2af8eb42d56 -> 
========================================================================
Received Prepare
Registering precompiled user dll's ...
Registered in 0.004722 seconds.
Begin MonoManager ReloadAssembly
Native extension for OSXStandalone target not found
Refreshing native plugins compatible for Editor in 0.63 ms, found 2 plugins.
Preloading 0 native plugins for Editor in 0.00 ms.
Mono: successfully reloaded assembly
- Completed reload, in  2.848 seconds
Domain Reload Profiling:
	ReloadAssembly (2850ms)
		BeginReloadAssembly (337ms)
			ExecutionOrderSort (0ms)
			DisableScriptedObjects (16ms)
			BackupInstance (0ms)
			ReleaseScriptingObjects (0ms)
			CreateAndSetChildDomain (115ms)
		EndReloadAssembly (2210ms)
			LoadAssemblies (182ms)
			RebuildTransferFunctionScriptingTraits (0ms)
			SetupTypeCache (625ms)
			ReleaseScriptCaches (2ms)
			RebuildScriptCaches (136ms)
			SetupLoadedEditorAssemblies (1103ms)
				LogAssemblyErrors (0ms)
				InitializePlatformSupportModulesInManaged (12ms)
				SetLoadedEditorAssemblies (2ms)
				RefreshPlugins (1ms)
				BeforeProcessingInitializeOnLoad (114ms)
				ProcessInitializeOnLoadAttributes (892ms)
				ProcessInitializeOnLoadMethodAttributes (76ms)
				AfterProcessingInitializeOnLoad (5ms)
				EditorAssembliesLoaded (1ms)
			ExecutionOrderSort2 (0ms)
			AwakeInstancesAfterBackupRestoration (13ms)
Platform modules already initialized, skipping
Refreshing native plugins compatible for Editor in 2.12 ms, found 2 plugins.
Preloading 0 native plugins for Editor in 0.00 ms.
Unloading 2088 Unused Serialized files (Serialized files now loaded: 0)
Unloading 13 unused Assets / (22.0 KB). Loaded Objects now: 2675.
Memory consumption went from 154.7 MB to 154.6 MB.
Total: 6.636331 ms (FindLiveObjects: 0.344718 ms CreateObjectMapping: 0.289310 ms MarkObjects: 5.878085 ms  DeleteObjects: 0.122041 ms)

AssetImportParameters requested are different than current active one (requested -> active):
  custom:video-decoder-ogg-theora: a1e56fd34408186e4bbccfd4996cb3dc -> 
  custom:container-muxer-webm: aa71ff27fc2769a1b78a27578f13a17b -> 
  custom:container-demuxer-webm: 4f35f7cbe854078d1ac9338744f61a02 -> 
  custom:video-encoder-webm-vp8: eb34c28f22e8b96e1ab97ce403110664 -> 
  custom:framework-osx-AVFoundation: e770b220cccbd017edd2c1fefb359320 -> 
  custom:audio-encoder-webm-vorbis: bf7c407c2cedff20999df2af8eb42d56 -> 
  custom:container-demuxer-ogg: 62fdf1f143b41e24485cea50d1cbac27 -> 
  custom:video-decoder-webm-vp8: 9c59270c3fd7afecdb556c50c9e8de78 -> 
  custom:audio-decoder-ogg-vorbis: bf7c407c2cedff20999df2af8eb42d56 -> 
========================================================================
Received Import Request.
  Time since last request: 168.880369 seconds.
  path: Assets/Scripts/WeaponSwitching.cs
  artifactKey: Guid(392539db200221f438742a21eb35431e) Importer(815301076,1909f56bfc062723c751e8b465ee728b)
Start importing Assets/Scripts/WeaponSwitching.cs using Guid(392539db200221f438742a21eb35431e) Importer(815301076,1909f56bfc062723c751e8b465ee728b)  -> (artifact id: '9522814ef4749f268ceed9c7f811a209') in 0.010468 seconds 
========================================================================
Received Import Request.
  Time since last request: 3.697749 seconds.
  path: Assets/Scripts/Input
  artifactKey: Guid(e79c554068ba8a1428b2e3c7bb5f100c) Importer(815301076,1909f56bfc062723c751e8b465ee728b)
Start importing Assets/Scripts/Input using Guid(e79c554068ba8a1428b2e3c7bb5f100c) Importer(815301076,1909f56bfc062723c751e8b465ee728b)  -> (artifact id: 'd2e87b0abd4d6f700ca40b6dc7c0be3a') in 0.002071 seconds 
========================================================================
Received Prepare
Registering precompiled user dll's ...
Registered in 0.005177 seconds.
Begin MonoManager ReloadAssembly
Native extension for OSXStandalone target not found
Refreshing native plugins compatible for Editor in 0.85 ms, found 2 plugins.
Preloading 0 native plugins for Editor in 0.00 ms.
Mono: successfully reloaded assembly
- Completed reload, in  2.882 seconds
Domain Reload Profiling:
	ReloadAssembly (2885ms)
		BeginReloadAssembly (335ms)
			ExecutionOrderSort (0ms)
			DisableScriptedObjects (19ms)
			BackupInstance (0ms)
			ReleaseScriptingObjects (0ms)
			CreateAndSetChildDomain (112ms)
		EndReloadAssembly (2280ms)
			LoadAssemblies (192ms)
			RebuildTransferFunctionScriptingTraits (0ms)
			SetupTypeCache (679ms)
			ReleaseScriptCaches (2ms)
			RebuildScriptCaches (154ms)
			SetupLoadedEditorAssemblies (1050ms)
				LogAssemblyErrors (0ms)
				InitializePlatformSupportModulesInManaged (14ms)
				SetLoadedEditorAssemblies (1ms)
				RefreshPlugins (1ms)
				BeforeProcessingInitializeOnLoad (112ms)
				ProcessInitializeOnLoadAttributes (834ms)
				ProcessInitializeOnLoadMethodAttributes (81ms)
				AfterProcessingInitializeOnLoad (6ms)
				EditorAssembliesLoaded (1ms)
			ExecutionOrderSort2 (0ms)
			AwakeInstancesAfterBackupRestoration (13ms)
Platform modules already initialized, skipping
Refreshing native plugins compatible for Editor in 3.15 ms, found 2 plugins.
Preloading 0 native plugins for Editor in 0.00 ms.
Unloading 2088 Unused Serialized files (Serialized files now loaded: 0)
Unloading 13 unused Assets / (22.0 KB). Loaded Objects now: 2678.
Memory consumption went from 154.8 MB to 154.7 MB.
Total: 8.993087 ms (FindLiveObjects: 0.327565 ms CreateObjectMapping: 0.208866 ms MarkObjects: 8.414097 ms  DeleteObjects: 0.040066 ms)

AssetImportParameters requested are different than current active one (requested -> active):
  custom:video-decoder-ogg-theora: a1e56fd34408186e4bbccfd4996cb3dc -> 
  custom:container-muxer-webm: aa71ff27fc2769a1b78a27578f13a17b -> 
  custom:container-demuxer-webm: 4f35f7cbe854078d1ac9338744f61a02 -> 
  custom:video-encoder-webm-vp8: eb34c28f22e8b96e1ab97ce403110664 -> 
  custom:framework-osx-AVFoundation: e770b220cccbd017edd2c1fefb359320 -> 
  custom:audio-encoder-webm-vorbis: bf7c407c2cedff20999df2af8eb42d56 -> 
  custom:container-demuxer-ogg: 62fdf1f143b41e24485cea50d1cbac27 -> 
  custom:video-decoder-webm-vp8: 9c59270c3fd7afecdb556c50c9e8de78 -> 
  custom:audio-decoder-ogg-vorbis: bf7c407c2cedff20999df2af8eb42d56 -> 
========================================================================
Received Prepare
Registering precompiled user dll's ...
Registered in 0.005241 seconds.
Begin MonoManager ReloadAssembly
Native extension for OSXStandalone target not found
Refreshing native plugins compatible for Editor in 0.82 ms, found 2 plugins.
Preloading 0 native plugins for Editor in 0.00 ms.
Mono: successfully reloaded assembly
- Completed reload, in  3.177 seconds
Domain Reload Profiling:
	ReloadAssembly (3180ms)
		BeginReloadAssembly (376ms)
			ExecutionOrderSort (0ms)
			DisableScriptedObjects (18ms)
			BackupInstance (0ms)
			ReleaseScriptingObjects (0ms)
			CreateAndSetChildDomain (133ms)
		EndReloadAssembly (2480ms)
			LoadAssemblies (204ms)
			RebuildTransferFunctionScriptingTraits (0ms)
			SetupTypeCache (772ms)
			ReleaseScriptCaches (2ms)
			RebuildScriptCaches (148ms)
			SetupLoadedEditorAssemblies (1181ms)
				LogAssemblyErrors (0ms)
				InitializePlatformSupportModulesInManaged (11ms)
				SetLoadedEditorAssemblies (2ms)
				RefreshPlugins (1ms)
				BeforeProcessingInitializeOnLoad (128ms)
				ProcessInitializeOnLoadAttributes (952ms)
				ProcessInitializeOnLoadMethodAttributes (80ms)
				AfterProcessingInitializeOnLoad (6ms)
				EditorAssembliesLoaded (0ms)
			ExecutionOrderSort2 (0ms)
			AwakeInstancesAfterBackupRestoration (14ms)
Platform modules already initialized, skipping
Refreshing native plugins compatible for Editor in 2.59 ms, found 2 plugins.
Preloading 0 native plugins for Editor in 0.00 ms.
Unloading 2088 Unused Serialized files (Serialized files now loaded: 0)
Unloading 13 unused Assets / (22.0 KB). Loaded Objects now: 2681.
Memory consumption went from 154.8 MB to 154.7 MB.
Total: 6.454407 ms (FindLiveObjects: 0.292932 ms CreateObjectMapping: 0.114687 ms MarkObjects: 6.004091 ms  DeleteObjects: 0.040779 ms)

AssetImportParameters requested are different than current active one (requested -> active):
  custom:video-decoder-ogg-theora: a1e56fd34408186e4bbccfd4996cb3dc -> 
  custom:container-muxer-webm: aa71ff27fc2769a1b78a27578f13a17b -> 
  custom:container-demuxer-webm: 4f35f7cbe854078d1ac9338744f61a02 -> 
  custom:video-encoder-webm-vp8: eb34c28f22e8b96e1ab97ce403110664 -> 
  custom:framework-osx-AVFoundation: e770b220cccbd017edd2c1fefb359320 -> 
  custom:audio-encoder-webm-vorbis: bf7c407c2cedff20999df2af8eb42d56 -> 
  custom:container-demuxer-ogg: 62fdf1f143b41e24485cea50d1cbac27 -> 
  custom:video-decoder-webm-vp8: 9c59270c3fd7afecdb556c50c9e8de78 -> 
  custom:audio-decoder-ogg-vorbis: bf7c407c2cedff20999df2af8eb42d56 -> 
